<?xml version="1.0" encoding="UTF-8"?>
<!-- Generated by org.testng.reporters.JUnitReportReporter -->
<testsuite skipped="0" hostname="5CG7084MGH840" name="com.testingfoo.rough.firstpgm" tests="1" failures="0" timestamp="18 Aug 2018 07:38:09 GMT" time="19.632" errors="0">
  <testcase name="test" time="19.632" classname="com.testingfoo.rough.firstpgm"/>
</testsuite> <!-- com.testingfoo.rough.firstpgm -->
