<?xml version="1.0" encoding="UTF-8"?>
<!-- Generated by org.testng.reporters.JUnitReportReporter -->
<testsuite skipped="0" hostname="5CG7084MGH840" name="mcafee.firstpgm" tests="1" failures="0" timestamp="18 Aug 2018 07:17:04 GMT" time="25.952" errors="0">
  <testcase name="test" time="25.952" classname="mcafee.firstpgm"/>
</testsuite> <!-- mcafee.firstpgm -->
