<?xml version="1.0" encoding="UTF-8"?>
<!-- Generated by org.testng.reporters.JUnitReportReporter -->
<testsuite skipped="0" hostname="5CG7084MGH840" name="com.testingfoo.testcases.RegisterTestCase" tests="1" failures="0" timestamp="27 Sep 2018 16:19:26 GMT" time="32.393" errors="0">
  <testcase name="test" time="32.393" classname="com.testingfoo.testcases.RegisterTestCase"/>
</testsuite> <!-- com.testingfoo.testcases.RegisterTestCase -->
