<?xml version="1.0" encoding="UTF-8"?>
<!-- Generated by org.testng.reporters.JUnitReportReporter -->
<testsuite skipped="0" hostname="5CG7084MGH840" name="com.testingfoo.testcases.LoginTest" tests="3" failures="0" timestamp="04 Oct 2018 10:33:29 GMT" time="108.097" errors="0">
  <testcase name="loginTest" time="28.362" classname="com.testingfoo.testcases.LoginTest"/>
  <testcase name="loginTest" time="39.761" classname="com.testingfoo.testcases.LoginTest"/>
  <testcase name="loginTest" time="39.974" classname="com.testingfoo.testcases.LoginTest"/>
</testsuite> <!-- com.testingfoo.testcases.LoginTest -->
