<?xml version="1.0" encoding="UTF-8"?>
<!-- Generated by org.testng.reporters.JUnitReportReporter -->
<testsuite skipped="0" hostname="5CG7084MGH840" name="com.testingfoo.base.BaseTest" tests="1" failures="0" timestamp="18 Aug 2018 08:01:04 GMT" time="0.006" errors="0">
  <testcase name="test" time="0.006" classname="com.testingfoo.base.BaseTest"/>
</testsuite> <!-- com.testingfoo.base.BaseTest -->
