<?xml version="1.0" encoding="UTF-8"?>
<!-- Generated by org.testng.reporters.JUnitReportReporter -->
<testsuite skipped="0" hostname="5CG7084MGH840" name="com.testingfoo.testcases.RegisterTestCase" tests="1" failures="0" timestamp="27 Aug 2018 15:42:01 GMT" time="27.010" errors="0">
  <testcase name="test" time="27.010" classname="com.testingfoo.testcases.RegisterTestCase"/>
</testsuite> <!-- com.testingfoo.testcases.RegisterTestCase -->
